#
# A fatal error has been detected by the Java Runtime Environment:
#
#  SIGSEGV (0xb) at pc=0x00007fff8ef0b0dd, pid=22149, tid=48915
#
# JRE version: Java(TM) SE Runtime Environment (8.0_25-b17) (build 1.8.0_25-b17)
# Java VM: Java HotSpot(TM) 64-Bit Server VM (25.25-b02 mixed mode bsd-amd64 compressed oops)
# Problematic frame:
# C  [libobjc.A.dylib+0x10dd]  objc_msgSend+0x1d
#
# Failed to write core dump. Core dumps have been disabled. To enable core dumping, try "ulimit -c unlimited" before starting Java again
#
# If you would like to submit a bug report, please visit:
#   http://bugreport.sun.com/bugreport/crash.jsp
# The crash happened outside the Java Virtual Machine in native code.
# See problematic frame for where to report the bug.
#

---------------  T H R E A D  ---------------

Current thread (0x00007fd7a115d000):  JavaThread "Java2D Queue Flusher" daemon [_thread_in_native, id=48915, stack(0x000000011d9fd000,0x000000011dafd000)]

siginfo: si_signo: 11 (SIGSEGV), si_code: 1 (SEGV_MAPERR), si_addr: 0x0000000000000018

Registers:
RAX=0x00007fd7a2287000, RBX=0x00007fd7a115d1e8, RCX=0x00007fd7a2287040, RDX=0x00000001196fcad0
RSP=0x000000011dafc808, RBP=0x000000011dafc830, RSI=0x00007fff8b525ea1, RDI=0x00007fd7a3454870
R8 =0x00000000f004c72a, R9 =0x0000000000000000, R10=0x00007fff8b525ea1, R11=0x0000000000000000
R12=0x00007fd7a2287038, R13=0x0000000780263a10, R14=0x00007fd7a0de1f30, R15=0x00007fd7a0df6530
RIP=0x00007fff8ef0b0dd, EFLAGS=0x0000000000010246, ERR=0x0000000000000004
  TRAPNO=0x000000000000000e

Top of Stack: (sp=0x000000011dafc808)
0x000000011dafc808:   00000001196dc4ea 00007fd7a0f60350
0x000000011dafc818:   0000000000000000 00007fd7a114ca10
0x000000011dafc828:   00007fd7a115d000 000000011dafc8b0
0x000000011dafc838:   00000001196fc5ae 0000000000000064
0x000000011dafc848:   00007fd7a0c70488 000000011dafc8b0
0x000000011dafc858:   00000001022d8f53 0000000000000005
0x000000011dafc868:   00007fd7a115d000 0000000780263a01
0x000000011dafc878:   00007fd7a114ca20 0000000100afc800
0x000000011dafc888:   00007fd7a115d1e8 0000000000000000
0x000000011dafc898:   0000000000000000 000000011dafc908
0x000000011dafc8a8:   00007fd7a115d000 000000011dafc900
0x000000011dafc8b8:   0000000103f6be2a 0000000780263938
0x000000011dafc8c8:   000000011dafc908 000000011e434698
0x000000011dafc8d8:   0000000000000000 000000011e434628
0x000000011dafc8e8:   0000000000000000 000000011dafc910
0x000000011dafc8f8:   00000000f00d1eb3 00000000f004c727
0x000000011dafc908:   0000000103eac354 0000000780263938
0x000000011dafc918:   0000000780263a10 0000000000000000
0x000000011dafc928:   0000000700000000 0000000780263a10
0x000000011dafc938:   000000011dafc9d0 0000000000000003
0x000000011dafc948:   0000000000000000 000000011dafc9d0
0x000000011dafc958:   000000010383d4e7 000000078068f670
0x000000011dafc968:   000000078068f670 0000000100001fa0
0x000000011dafc978:   000000000000000a 00007fd7a115d000
0x000000011dafc988:   0000000000000001 000000010383d45f
0x000000011dafc998:   00000001159d4d18 000000011dafca68
0x000000011dafc9a8:   000000011dafcd00 000000010000000a
0x000000011dafc9b8:   00000001159d4d18 000000010384dde0
0x000000011dafc9c8:   000000011dafcc70 000000011dafcb80
0x000000011dafc9d8:   0000000102281516 0000000100000001
0x000000011dafc9e8:   00007fd7a115d000 00007fd7a115d000
0x000000011dafc9f8:   000000011dafcd00 00007fd7a0c70480 

Instructions: (pc=0x00007fff8ef0b0dd)
0x00007fff8ef0b0bd:   00 00 00 48 85 ff 2e 74 7a 40 f6 c7 01 2e 75 7e
0x00007fff8ef0b0cd:   49 bb f8 ff ff ff ff 7f 00 00 4c 23 1f 49 89 f2
0x00007fff8ef0b0dd:   45 23 53 18 49 c1 e2 04 4d 03 53 10 49 3b 32 75
0x00007fff8ef0b0ed:   04 41 ff 62 08 49 83 3a 00 74 6a 4d 3b 53 10 74 

Register to memory mapping:

RAX=0x00007fd7a2287000 is an unknown value
RBX=0x00007fd7a115d1e8 is an unknown value
RCX=0x00007fd7a2287040 is an unknown value
RDX=0x00000001196fcad0: Java_sun_java2d_opengl_OGLRenderQueue_flushBuffer+0xb5c in /Library/Java/JavaVirtualMachines/jdk1.8.0_25.jdk/Contents/Home/jre/lib/libawt_lwawt.dylib at 0x00000001196c1000
RSP=0x000000011dafc808 is pointing into the stack for thread: 0x00007fd7a115d000
RBP=0x000000011dafc830 is pointing into the stack for thread: 0x00007fd7a115d000
RSI=0x00007fff8b525ea1: -[NSTitlebarContainerView transparent]+0xcd85 in /System/Library/Frameworks/AppKit.framework/Versions/C/AppKit at 0x00007fff8ab76000
RDI=0x00007fd7a3454870 is an unknown value
R8 =0x00000000f004c72a is an unknown value
R9 =0x0000000000000000 is an unknown value
R10=0x00007fff8b525ea1: -[NSTitlebarContainerView transparent]+0xcd85 in /System/Library/Frameworks/AppKit.framework/Versions/C/AppKit at 0x00007fff8ab76000
R11=0x0000000000000000 is an unknown value
R12=0x00007fd7a2287038 is an unknown value
R13=0x0000000780263a10 is an oop
sun.java2d.opengl.OGLRenderQueue$QueueFlusher 
 - klass: 'sun/java2d/opengl/OGLRenderQueue$QueueFlusher'
R14=0x00007fd7a0de1f30 is an unknown value
R15=0x00007fd7a0df6530 is an unknown value


Stack: [0x000000011d9fd000,0x000000011dafd000],  sp=0x000000011dafc808,  free space=1022k
Native frames: (J=compiled Java code, j=interpreted, Vv=VM code, C=native code)
C  [libobjc.A.dylib+0x10dd]  objc_msgSend+0x1d
C  [libawt_lwawt.dylib+0x3b5ae]  Java_sun_java2d_opengl_OGLRenderQueue_flushBuffer+0x63a
J 2196  sun.java2d.opengl.OGLRenderQueue.flushBuffer(JI)V (0 bytes) @ 0x0000000103f6be2a [0x0000000103f6bd80+0xaa]
J 4458% C2 sun.java2d.opengl.OGLRenderQueue$QueueFlusher.run()V (234 bytes) @ 0x0000000103eac354 [0x0000000103eac040+0x314]

Java frames: (J=compiled Java code, j=interpreted, Vv=VM code)
J 2196  sun.java2d.opengl.OGLRenderQueue.flushBuffer(JI)V (0 bytes) @ 0x0000000103f6bdb8 [0x0000000103f6bd80+0x38]
J 4458% C2 sun.java2d.opengl.OGLRenderQueue$QueueFlusher.run()V (234 bytes) @ 0x0000000103eac354 [0x0000000103eac040+0x314]
v  ~StubRoutines::call_stub

---------------  P R O C E S S  ---------------

Java Threads: ( => current thread )
  0x00007fd7a12de000 JavaThread "TimerQueue" daemon [_thread_blocked, id=67195, stack(0x00000001247ce000,0x00000001248ce000)]
  0x00007fd7a2933000 JavaThread "DestroyJavaVM" [_thread_blocked, id=4867, stack(0x0000000102ee1000,0x0000000102fe1000)]
  0x00007fd7a1216800 JavaThread "AWT-EventQueue-0" [_thread_blocked, id=59283, stack(0x000000011e8ca000,0x000000011e9ca000)]
  0x00007fd7a2881800 JavaThread "Java2D Disposer" daemon [_thread_blocked, id=53259, stack(0x000000011dea9000,0x000000011dfa9000)]
=>0x00007fd7a115d000 JavaThread "Java2D Queue Flusher" daemon [_thread_in_native, id=48915, stack(0x000000011d9fd000,0x000000011dafd000)]
  0x00007fd7a10f3000 JavaThread "AWT-Shutdown" [_thread_blocked, id=28947, stack(0x000000011b0ba000,0x000000011b1ba000)]
  0x00007fd7a1869000 JavaThread "AppKit Thread" daemon [_thread_in_native, id=1299, stack(0x00007fff5d551000,0x00007fff5dd51000)]
  0x00007fd7a2099000 JavaThread "Monitor Ctrl-Break" daemon [_thread_in_native, id=19203, stack(0x00000001193e5000,0x00000001194e5000)]
  0x00007fd7a2848000 JavaThread "Service Thread" daemon [_thread_blocked, id=18179, stack(0x0000000119073000,0x0000000119173000)]
  0x00007fd7a2038800 JavaThread "C1 CompilerThread2" daemon [_thread_blocked, id=17667, stack(0x0000000118f70000,0x0000000119070000)]
  0x00007fd7a2000800 JavaThread "C2 CompilerThread1" daemon [_thread_blocked, id=17155, stack(0x0000000118e6d000,0x0000000118f6d000)]
  0x00007fd7a1810000 JavaThread "C2 CompilerThread0" daemon [_thread_blocked, id=16643, stack(0x0000000118d6a000,0x0000000118e6a000)]
  0x00007fd7a1802000 JavaThread "Signal Dispatcher" daemon [_thread_blocked, id=13335, stack(0x0000000118c67000,0x0000000118d67000)]
  0x00007fd7a1011000 JavaThread "Finalizer" daemon [_thread_blocked, id=11523, stack(0x0000000117246000,0x0000000117346000)]
  0x00007fd7a180a000 JavaThread "Reference Handler" daemon [_thread_blocked, id=11011, stack(0x0000000117143000,0x0000000117243000)]

Other Threads:
  0x00007fd7a2837000 VMThread [stack: 0x0000000117040000,0x0000000117140000] [id=10499]
  0x00007fd7a2817000 WatcherThread [stack: 0x0000000119176000,0x0000000119276000] [id=18691]

VM state:not at safepoint (normal execution)

VM Mutex/Monitor currently owned by a thread: None

Heap:
 PSYoungGen      total 15360K, used 385K [0x00000007aab00000, 0x00000007abc80000, 0x00000007c0000000)
  eden space 14336K, 2% used [0x00000007aab00000,0x00000007aab60538,0x00000007ab900000)
  from space 1024K, 0% used [0x00000007aba80000,0x00000007aba80000,0x00000007abb80000)
  to   space 1536K, 0% used [0x00000007ab900000,0x00000007ab900000,0x00000007aba80000)
 ParOldGen       total 34304K, used 13987K [0x0000000780000000, 0x0000000782180000, 0x00000007aab00000)
  object space 34304K, 40% used [0x0000000780000000,0x0000000780da8cf0,0x0000000782180000)
 Metaspace       used 17570K, capacity 17808K, committed 18176K, reserved 1064960K
  class space    used 1894K, capacity 1960K, committed 2048K, reserved 1048576K

Card table byte_map: [0x0000000112bfd000,0x0000000112dfe000] byte_map_base: 0x000000010effd000

Marking Bits: (ParMarkBitMap*) 0x000000010284a390
 Begin Bits: [0x0000000113360000, 0x0000000114360000)
 End Bits:   [0x0000000114360000, 0x0000000115360000)

Polling page: 0x0000000102ff1000

CodeCache: size=245760Kb used=12944Kb max_used=12944Kb free=232815Kb
 bounds [0x000000010383d000, 0x000000010450d000, 0x000000011283d000]
 total_blobs=4201 nmethods=3592 adapters=522
 compilation: enabled

Compilation events (10 events):
Event: 131931.570 Thread 0x00007fd7a2038800 4509       3       java.lang.String::<init> (15 bytes)
Event: 131931.571 Thread 0x00007fd7a2038800 nmethod 4509 0x0000000104260650 code [0x00000001042607e0, 0x0000000104260bc8]
Event: 131931.610 Thread 0x00007fd7a2038800 4518       3       sun.reflect.ClassFileAssembler::cpi (22 bytes)
Event: 131931.613 Thread 0x00007fd7a2038800 nmethod 4518 0x0000000104154c10 code [0x0000000104154d80, 0x0000000104154fa8]
Event: 131931.613 Thread 0x00007fd7a2038800 4519       3       sun.reflect.ByteVectorImpl::getLength (7 bytes)
Event: 131931.613 Thread 0x00007fd7a2038800 nmethod 4519 0x0000000104260350 code [0x00000001042604a0, 0x00000001042605f0]
Event: 131931.619 Thread 0x00007fd7a2038800 4520 %     3       java.io.ObjectOutputStream$BlockDataOutputStream::getUTFLength @ 47 (124 bytes)
Event: 131931.620 Thread 0x00007fd7a2038800 nmethod 4520% 0x0000000104155cd0 code [0x0000000104155e80, 0x00000001041565e8]
Event: 131931.913 Thread 0x00007fd7a2038800 4521 %     3       java.io.ObjectOutputStream$BlockDataOutputStream::writeBytes @ 95 (144 bytes)
Event: 131931.914 Thread 0x00007fd7a2038800 nmethod 4521% 0x000000010425e110 code [0x000000010425e2e0, 0x000000010425eb58]

GC Heap History (10 events):
Event: 42683.584 GC heap before
{Heap before GC invocations=135 (full 0):
 PSYoungGen      total 15872K, used 15424K [0x00000007aab00000, 0x00000007abb80000, 0x00000007c0000000)
  eden space 14848K, 100% used [0x00000007aab00000,0x00000007ab980000,0x00000007ab980000)
  from space 1024K, 56% used [0x00000007aba80000,0x00000007abb10000,0x00000007abb80000)
  to   space 1024K, 0% used [0x00000007ab980000,0x00000007ab980000,0x00000007aba80000)
 ParOldGen       total 44032K, used 33530K [0x0000000780000000, 0x0000000782b00000, 0x00000007aab00000)
  object space 44032K, 76% used [0x0000000780000000,0x00000007820beb98,0x0000000782b00000)
 Metaspace       used 17147K, capacity 17394K, committed 17664K, reserved 1064960K
  class space    used 1852K, capacity 1929K, committed 2048K, reserved 1048576K
Event: 42683.586 GC heap after
Heap after GC invocations=135 (full 0):
 PSYoungGen      total 15872K, used 352K [0x00000007aab00000, 0x00000007abb80000, 0x00000007c0000000)
  eden space 14848K, 0% used [0x00000007aab00000,0x00000007aab00000,0x00000007ab980000)
  from space 1024K, 34% used [0x00000007ab980000,0x00000007ab9d8000,0x00000007aba80000)
  to   space 1024K, 0% used [0x00000007aba80000,0x00000007aba80000,0x00000007abb80000)
 ParOldGen       total 44032K, used 33864K [0x0000000780000000, 0x0000000782b00000, 0x00000007aab00000)
  object space 44032K, 76% used [0x0000000780000000,0x0000000782112380,0x0000000782b00000)
 Metaspace       used 17147K, capacity 17394K, committed 17664K, reserved 1064960K
  class space    used 1852K, capacity 1929K, committed 2048K, reserved 1048576K
}
Event: 42974.290 GC heap before
{Heap before GC invocations=136 (full 0):
 PSYoungGen      total 15872K, used 15200K [0x00000007aab00000, 0x00000007abb80000, 0x00000007c0000000)
  eden space 14848K, 100% used [0x00000007aab00000,0x00000007ab980000,0x00000007ab980000)
  from space 1024K, 34% used [0x00000007ab980000,0x00000007ab9d8000,0x00000007aba80000)
  to   space 1024K, 0% used [0x00000007aba80000,0x00000007aba80000,0x00000007abb80000)
 ParOldGen       total 44032K, used 33864K [0x0000000780000000, 0x0000000782b00000, 0x00000007aab00000)
  object space 44032K, 76% used [0x0000000780000000,0x0000000782112380,0x0000000782b00000)
 Metaspace       used 17147K, capacity 17394K, committed 17664K, reserved 1064960K
  class space    used 1852K, capacity 1929K, committed 2048K, reserved 1048576K
Event: 42974.291 GC heap after
Heap after GC invocations=136 (full 0):
 PSYoungGen      total 15872K, used 224K [0x00000007aab00000, 0x00000007abb80000, 0x00000007c0000000)
  eden space 14848K, 0% used [0x00000007aab00000,0x00000007aab00000,0x00000007ab980000)
  from space 1024K, 21% used [0x00000007aba80000,0x00000007abab8000,0x00000007abb80000)
  to   space 1024K, 0% used [0x00000007ab980000,0x00000007ab980000,0x00000007aba80000)
 ParOldGen       total 44032K, used 33969K [0x0000000780000000, 0x0000000782b00000, 0x00000007aab00000)
  object space 44032K, 77% used [0x0000000780000000,0x000000078212c590,0x0000000782b00000)
 Metaspace       used 17147K, capacity 17394K, committed 17664K, reserved 1064960K
  class space    used 1852K, capacity 1929K, committed 2048K, reserved 1048576K
}
Event: 70686.193 GC heap before
{Heap before GC invocations=137 (full 0):
 PSYoungGen      total 15872K, used 15072K [0x00000007aab00000, 0x00000007abb80000, 0x00000007c0000000)
  eden space 14848K, 100% used [0x00000007aab00000,0x00000007ab980000,0x00000007ab980000)
  from space 1024K, 21% used [0x00000007aba80000,0x00000007abab8000,0x00000007abb80000)
  to   space 1024K, 0% used [0x00000007ab980000,0x00000007ab980000,0x00000007aba80000)
 ParOldGen       total 44032K, used 33969K [0x0000000780000000, 0x0000000782b00000, 0x00000007aab00000)
  object space 44032K, 77% used [0x0000000780000000,0x000000078212c590,0x0000000782b00000)
 Metaspace       used 17182K, capacity 17394K, committed 17664K, reserved 1064960K
  class space    used 1852K, capacity 1929K, committed 2048K, reserved 1048576K
Event: 70686.210 GC heap after
Heap after GC invocations=137 (full 0):
 PSYoungGen      total 15872K, used 544K [0x00000007aab00000, 0x00000007abb80000, 0x00000007c0000000)
  eden space 14848K, 0% used [0x00000007aab00000,0x00000007aab00000,0x00000007ab980000)
  from space 1024K, 53% used [0x00000007ab980000,0x00000007aba08000,0x00000007aba80000)
  to   space 1024K, 0% used [0x00000007aba80000,0x00000007aba80000,0x00000007abb80000)
 ParOldGen       total 44032K, used 34089K [0x0000000780000000, 0x0000000782b00000, 0x00000007aab00000)
  object space 44032K, 77% used [0x0000000780000000,0x000000078214a590,0x0000000782b00000)
 Metaspace       used 17182K, capacity 17394K, committed 17664K, reserved 1064960K
  class space    used 1852K, capacity 1929K, committed 2048K, reserved 1048576K
}
Event: 131931.621 GC heap before
{Heap before GC invocations=138 (full 0):
 PSYoungGen      total 15872K, used 15392K [0x00000007aab00000, 0x00000007abb80000, 0x00000007c0000000)
  eden space 14848K, 100% used [0x00000007aab00000,0x00000007ab980000,0x00000007ab980000)
  from space 1024K, 53% used [0x00000007ab980000,0x00000007aba08000,0x00000007aba80000)
  to   space 1024K, 0% used [0x00000007aba80000,0x00000007aba80000,0x00000007abb80000)
 ParOldGen       total 44032K, used 34089K [0x0000000780000000, 0x0000000782b00000, 0x00000007aab00000)
  object space 44032K, 77% used [0x0000000780000000,0x000000078214a590,0x0000000782b00000)
 Metaspace       used 17575K, capacity 17816K, committed 18176K, reserved 1064960K
  class space    used 1896K, capacity 1962K, committed 2048K, reserved 1048576K
Event: 131931.667 GC heap after
Heap after GC invocations=138 (full 0):
 PSYoungGen      total 15360K, used 938K [0x00000007aab00000, 0x00000007abc80000, 0x00000007c0000000)
  eden space 14336K, 0% used [0x00000007aab00000,0x00000007aab00000,0x00000007ab900000)
  from space 1024K, 91% used [0x00000007aba80000,0x00000007abb6ab80,0x00000007abb80000)
  to   space 1536K, 0% used [0x00000007ab900000,0x00000007ab900000,0x00000007aba80000)
 ParOldGen       total 44032K, used 42668K [0x0000000780000000, 0x0000000782b00000, 0x00000007aab00000)
  object space 44032K, 96% used [0x0000000780000000,0x00000007829ab0a0,0x0000000782b00000)
 Metaspace       used 17575K, capacity 17816K, committed 18176K, reserved 1064960K
  class space    used 1896K, capacity 1962K, committed 2048K, reserved 1048576K
}
Event: 131931.667 GC heap before
{Heap before GC invocations=139 (full 1):
 PSYoungGen      total 15360K, used 938K [0x00000007aab00000, 0x00000007abc80000, 0x00000007c0000000)
  eden space 14336K, 0% used [0x00000007aab00000,0x00000007aab00000,0x00000007ab900000)
  from space 1024K, 91% used [0x00000007aba80000,0x00000007abb6ab80,0x00000007abb80000)
  to   space 1536K, 0% used [0x00000007ab900000,0x00000007ab900000,0x00000007aba80000)
 ParOldGen       total 44032K, used 42668K [0x0000000780000000, 0x0000000782b00000, 0x00000007aab00000)
  object space 44032K, 96% used [0x0000000780000000,0x00000007829ab0a0,0x0000000782b00000)
 Metaspace       used 17575K, capacity 17816K, committed 18176K, reserved 1064960K
  class space    used 1896K, capacity 1962K, committed 2048K, reserved 1048576K
Event: 131931.907 GC heap after
Heap after GC invocations=139 (full 1):
 PSYoungGen      total 15360K, used 0K [0x00000007aab00000, 0x00000007abc80000, 0x00000007c0000000)
  eden space 14336K, 0% used [0x00000007aab00000,0x00000007aab00000,0x00000007ab900000)
  from space 1024K, 0% used [0x00000007aba80000,0x00000007aba80000,0x00000007abb80000)
  to   space 1536K, 0% used [0x00000007ab900000,0x00000007ab900000,0x00000007aba80000)
 ParOldGen       total 34304K, used 13987K [0x0000000780000000, 0x0000000782180000, 0x00000007aab00000)
  object space 34304K, 40% used [0x0000000780000000,0x0000000780da8cf0,0x0000000782180000)
 Metaspace       used 17570K, capacity 17808K, committed 18176K, reserved 1064960K
  class space    used 1894K, capacity 1960K, committed 2048K, reserved 1048576K
}

Deoptimization events (10 events):
Event: 131931.442 Thread 0x00007fd7a1216800 Uncommon trap: reason=speculate_class_check action=maybe_recompile pc=0x0000000103c7e810 method=java.util.HashMap.putVal(ILjava/lang/Object;Ljava/lang/Object;ZZ)Ljava/lang/Object; @ 56
Event: 131931.442 Thread 0x00007fd7a1216800 Uncommon trap: reason=speculate_class_check action=maybe_recompile pc=0x0000000103c7e810 method=java.util.HashMap.putVal(ILjava/lang/Object;Ljava/lang/Object;ZZ)Ljava/lang/Object; @ 56
Event: 131931.482 Thread 0x00007fd7a1216800 Uncommon trap: reason=class_check action=maybe_recompile pc=0x0000000103f163f8 method=java.util.HashMap.putVal(ILjava/lang/Object;Ljava/lang/Object;ZZ)Ljava/lang/Object; @ 253
Event: 131931.500 Thread 0x00007fd7a1216800 Uncommon trap: reason=class_check action=maybe_recompile pc=0x0000000103f163f8 method=java.util.HashMap.putVal(ILjava/lang/Object;Ljava/lang/Object;ZZ)Ljava/lang/Object; @ 253
Event: 131931.504 Thread 0x00007fd7a1216800 Uncommon trap: reason=class_check action=maybe_recompile pc=0x0000000103f218cc method=java.util.HashMap.putVal(ILjava/lang/Object;Ljava/lang/Object;ZZ)Ljava/lang/Object; @ 253
Event: 131931.532 Thread 0x00007fd7a1216800 Uncommon trap: reason=class_check action=maybe_recompile pc=0x000000010400b1cc method=java.util.ArrayList.<init>(Ljava/util/Collection;)V @ 6
Event: 131931.538 Thread 0x00007fd7a1216800 Uncommon trap: reason=bimorphic action=maybe_recompile pc=0x0000000103d5126c method=java.util.HashMap.removeNode(ILjava/lang/Object;Ljava/lang/Object;ZZ)Ljava/util/HashMap$Node; @ 68
Event: 131931.540 Thread 0x00007fd7a1216800 Uncommon trap: reason=unreached action=reinterpret pc=0x0000000103d512e4 method=java.util.HashMap.removeNode(ILjava/lang/Object;Ljava/lang/Object;ZZ)Ljava/util/HashMap$Node; @ 7
Event: 131931.542 Thread 0x00007fd7a1216800 Uncommon trap: reason=class_check action=maybe_recompile pc=0x000000010400b1cc method=java.util.ArrayList.<init>(Ljava/util/Collection;)V @ 6
Event: 131931.543 Thread 0x00007fd7a1216800 Uncommon trap: reason=class_check action=maybe_recompile pc=0x000000010400b1cc method=java.util.ArrayList.<init>(Ljava/util/Collection;)V @ 6

Internal exceptions (10 events):
Event: 10.811 Thread 0x00007fd7a21bc000 Exception <a 'java/security/PrivilegedActionException'> (0x00000007aaf9abc0) thrown at [/HUDSON3/workspace/8-2-build-macosx-x86_64/jdk8u25/1514/hotspot/src/share/vm/prims/jvm.cpp, line 1312]
Event: 13.684 Thread 0x00007fd7a21bc000 Exception <a 'java/security/PrivilegedActionException'> (0x00000007ab239f98) thrown at [/HUDSON3/workspace/8-2-build-macosx-x86_64/jdk8u25/1514/hotspot/src/share/vm/prims/jvm.cpp, line 1312]
Event: 13.698 Thread 0x00007fd7a21bc000 Exception <a 'java/security/PrivilegedActionException'> (0x00000007ab282a18) thrown at [/HUDSON3/workspace/8-2-build-macosx-x86_64/jdk8u25/1514/hotspot/src/share/vm/prims/jvm.cpp, line 1312]
Event: 832.279 Thread 0x00007fd7a21bc000 Exception <a 'java/security/PrivilegedActionException'> (0x00000007ab437a10) thrown at [/HUDSON3/workspace/8-2-build-macosx-x86_64/jdk8u25/1514/hotspot/src/share/vm/prims/jvm.cpp, line 1312]
Event: 2947.689 Thread 0x00007fd7a1869000 Implicit null exception at 0x000000010411a54c to 0x000000010411a5e1
Event: 7788.297 Thread 0x00007fd7a1216800 Implicit null exception at 0x0000000104101175 to 0x000000010410151d
Event: 7788.317 Thread 0x00007fd7a1216800 Implicit null exception at 0x0000000103c986d4 to 0x0000000103c98dd9
Event: 25961.859 Thread 0x00007fd7a21bc000 Exception <a 'java/net/SocketException': Socket closed> (0x00000007ab38a3e8) thrown at [/HUDSON3/workspace/8-2-build-macosx-x86_64/jdk8u25/1514/hotspot/src/share/vm/prims/jni.cpp, line 742]
Event: 26713.257 Thread 0x00007fd7a1304800 Implicit null exception at 0x0000000103d534f5 to 0x0000000103d535c5
Event: 131931.539 Thread 0x00007fd7a1216800 Implicit null exception at 0x0000000103d50cea to 0x0000000103d512c1

Events (10 events):
Event: 131931.611 loading class sun/reflect/SerializationConstructorAccessorImpl
Event: 131931.614 loading class sun/reflect/SerializationConstructorAccessorImpl done
Event: 131931.615 loading class java/io/ObjectStreamClass$FieldReflectorKey
Event: 131931.615 loading class java/io/ObjectStreamClass$FieldReflectorKey done
Event: 131931.615 loading class java/io/ObjectStreamClass$FieldReflector
Event: 131931.615 loading class java/io/ObjectStreamClass$FieldReflector done
Event: 131931.620 Executing VM operation: ParallelGCFailedAllocation
Event: 131931.907 Executing VM operation: ParallelGCFailedAllocation done
Event: 131931.911 Executing VM operation: RevokeBias
Event: 131931.911 Executing VM operation: RevokeBias done


Dynamic libraries:
0x0000000003f34000 	/System/Library/Frameworks/Cocoa.framework/Versions/A/Cocoa
0x0000000003f34000 	/System/Library/Frameworks/Security.framework/Versions/A/Security
0x0000000003f34000 	/System/Library/Frameworks/ApplicationServices.framework/Versions/A/ApplicationServices
0x0000000003f34000 	/usr/lib/libz.1.dylib
0x0000000003f34000 	/usr/lib/libSystem.B.dylib
0x0000000003f34000 	/usr/lib/libobjc.A.dylib
0x0000000003f34000 	/System/Library/Frameworks/CoreFoundation.framework/Versions/A/CoreFoundation
0x0000000003f34000 	/System/Library/Frameworks/Foundation.framework/Versions/C/Foundation
0x0000000003f34000 	/System/Library/Frameworks/AppKit.framework/Versions/C/AppKit
0x0000000003f34000 	/System/Library/Frameworks/CoreData.framework/Versions/A/CoreData
0x0000000003f34000 	/System/Library/PrivateFrameworks/RemoteViewServices.framework/Versions/A/RemoteViewServices
0x0000000003f34000 	/System/Library/PrivateFrameworks/UIFoundation.framework/Versions/A/UIFoundation
0x0000000003f34000 	/System/Library/Frameworks/IOSurface.framework/Versions/A/IOSurface
0x0000000003f34000 	/System/Library/Frameworks/AudioToolbox.framework/Versions/A/AudioToolbox
0x0000000003f34000 	/System/Library/Frameworks/AudioUnit.framework/Versions/A/AudioUnit
0x0000000003f34000 	/System/Library/PrivateFrameworks/DataDetectorsCore.framework/Versions/A/DataDetectorsCore
0x0000000003f34000 	/System/Library/PrivateFrameworks/DesktopServicesPriv.framework/Versions/A/DesktopServicesPriv
0x0000000003f34000 	/System/Library/Frameworks/Carbon.framework/Versions/A/Frameworks/HIToolbox.framework/Versions/A/HIToolbox
0x0000000003f34000 	/System/Library/Frameworks/QuartzCore.framework/Versions/A/QuartzCore
0x0000000003f34000 	/System/Library/Frameworks/Carbon.framework/Versions/A/Frameworks/SpeechRecognition.framework/Versions/A/SpeechRecognition
0x0000000003f34000 	/usr/lib/libauto.dylib
0x0000000003f34000 	/usr/lib/libicucore.A.dylib
0x0000000003f34000 	/usr/lib/libxml2.2.dylib
0x0000000003f34000 	/System/Library/PrivateFrameworks/CoreUI.framework/Versions/A/CoreUI
0x0000000003f34000 	/System/Library/Frameworks/CoreAudio.framework/Versions/A/CoreAudio
0x0000000003f34000 	/System/Library/Frameworks/DiskArbitration.framework/Versions/A/DiskArbitration
0x0000000003f34000 	/usr/lib/liblangid.dylib
0x0000000003f34000 	/System/Library/PrivateFrameworks/MultitouchSupport.framework/Versions/A/MultitouchSupport
0x0000000003f34000 	/System/Library/Frameworks/IOKit.framework/Versions/A/IOKit
0x0000000003f34000 	/usr/lib/libDiagnosticMessagesClient.dylib
0x0000000003f34000 	/System/Library/Frameworks/CoreServices.framework/Versions/A/CoreServices
0x0000000003f34000 	/System/Library/PrivateFrameworks/PerformanceAnalysis.framework/Versions/A/PerformanceAnalysis
0x0000000003f34000 	/System/Library/PrivateFrameworks/GenerationalStorage.framework/Versions/A/GenerationalStorage
0x0000000003f34000 	/System/Library/Frameworks/OpenGL.framework/Versions/A/OpenGL
0x0000000003f34000 	/System/Library/PrivateFrameworks/Sharing.framework/Versions/A/Sharing
0x0000000003f34000 	/System/Library/Frameworks/CoreGraphics.framework/Versions/A/CoreGraphics
0x0000000003f34000 	/System/Library/Frameworks/CoreText.framework/Versions/A/CoreText
0x0000000003f34000 	/System/Library/Frameworks/ImageIO.framework/Versions/A/ImageIO
0x0000000003f34000 	/usr/lib/libextension.dylib
0x0000000003f34000 	/System/Library/PrivateFrameworks/Backup.framework/Versions/A/Backup
0x0000000003f34000 	/usr/lib/libarchive.2.dylib
0x0000000003f34000 	/System/Library/Frameworks/CFNetwork.framework/Versions/A/CFNetwork
0x0000000003f34000 	/System/Library/Frameworks/SystemConfiguration.framework/Versions/A/SystemConfiguration
0x0000000003f34000 	/usr/lib/libCRFSuite.dylib
0x0000000003f34000 	/usr/lib/libc++.1.dylib
0x0000000003f34000 	/usr/lib/libc++abi.dylib
0x0000000003f34000 	/usr/lib/system/libcache.dylib
0x0000000003f34000 	/usr/lib/system/libcommonCrypto.dylib
0x0000000003f34000 	/usr/lib/system/libcompiler_rt.dylib
0x0000000003f34000 	/usr/lib/system/libcopyfile.dylib
0x0000000003f34000 	/usr/lib/system/libcorecrypto.dylib
0x0000000003f34000 	/usr/lib/system/libdispatch.dylib
0x0000000003f34000 	/usr/lib/system/libdyld.dylib
0x0000000003f34000 	/usr/lib/system/libkeymgr.dylib
0x0000000003f34000 	/usr/lib/system/liblaunch.dylib
0x0000000003f34000 	/usr/lib/system/libmacho.dylib
0x0000000003f34000 	/usr/lib/system/libquarantine.dylib
0x0000000003f34000 	/usr/lib/system/libremovefile.dylib
0x0000000003f34000 	/usr/lib/system/libsystem_asl.dylib
0x0000000003f34000 	/usr/lib/system/libsystem_blocks.dylib
0x0000000003f34000 	/usr/lib/system/libsystem_c.dylib
0x0000000003f34000 	/usr/lib/system/libsystem_configuration.dylib
0x0000000003f34000 	/usr/lib/system/libsystem_coreservices.dylib
0x0000000003f34000 	/usr/lib/system/libsystem_coretls.dylib
0x0000000003f34000 	/usr/lib/system/libsystem_dnssd.dylib
0x0000000003f34000 	/usr/lib/system/libsystem_info.dylib
0x0000000003f34000 	/usr/lib/system/libsystem_kernel.dylib
0x0000000003f34000 	/usr/lib/system/libsystem_m.dylib
0x0000000003f34000 	/usr/lib/system/libsystem_malloc.dylib
0x0000000003f34000 	/usr/lib/system/libsystem_network.dylib
0x0000000003f34000 	/usr/lib/system/libsystem_networkextension.dylib
0x0000000003f34000 	/usr/lib/system/libsystem_notify.dylib
0x0000000003f34000 	/usr/lib/system/libsystem_platform.dylib
0x0000000003f34000 	/usr/lib/system/libsystem_pthread.dylib
0x0000000003f34000 	/usr/lib/system/libsystem_sandbox.dylib
0x0000000003f34000 	/usr/lib/system/libsystem_secinit.dylib
0x0000000003f34000 	/usr/lib/system/libsystem_stats.dylib
0x0000000003f34000 	/usr/lib/system/libsystem_trace.dylib
0x0000000003f34000 	/usr/lib/system/libunc.dylib
0x0000000003f34000 	/usr/lib/system/libunwind.dylib
0x0000000003f34000 	/usr/lib/system/libxpc.dylib
0x0000000003f34000 	/usr/lib/libbz2.1.0.dylib
0x0000000003f34000 	/usr/lib/liblzma.5.dylib
0x0000000003f34000 	/usr/lib/libbsm.0.dylib
0x0000000003f34000 	/usr/lib/libsqlite3.dylib
0x0000000003f34000 	/usr/lib/system/libkxld.dylib
0x0000000003f34000 	/usr/lib/libxar.1.dylib
0x0000000003f34000 	/usr/lib/libpam.2.dylib
0x0000000003f34000 	/usr/lib/libOpenScriptingUtil.dylib
0x0000000003f34000 	/System/Library/Frameworks/CoreServices.framework/Versions/A/Frameworks/FSEvents.framework/Versions/A/FSEvents
0x0000000003f34000 	/System/Library/Frameworks/CoreServices.framework/Versions/A/Frameworks/CarbonCore.framework/Versions/A/CarbonCore
0x0000000003f34000 	/System/Library/Frameworks/CoreServices.framework/Versions/A/Frameworks/Metadata.framework/Versions/A/Metadata
0x0000000003f34000 	/System/Library/Frameworks/CoreServices.framework/Versions/A/Frameworks/OSServices.framework/Versions/A/OSServices
0x0000000003f34000 	/System/Library/Frameworks/CoreServices.framework/Versions/A/Frameworks/SearchKit.framework/Versions/A/SearchKit
0x0000000003f34000 	/System/Library/Frameworks/CoreServices.framework/Versions/A/Frameworks/AE.framework/Versions/A/AE
0x0000000003f34000 	/System/Library/Frameworks/CoreServices.framework/Versions/A/Frameworks/LaunchServices.framework/Versions/A/LaunchServices
0x0000000003f34000 	/System/Library/Frameworks/CoreServices.framework/Versions/A/Frameworks/DictionaryServices.framework/Versions/A/DictionaryServices
0x0000000003f34000 	/System/Library/Frameworks/NetFS.framework/Versions/A/NetFS
0x0000000003f34000 	/System/Library/PrivateFrameworks/NetAuth.framework/Versions/A/NetAuth
0x0000000003f34000 	/System/Library/PrivateFrameworks/login.framework/Versions/A/Frameworks/loginsupport.framework/Versions/A/loginsupport
0x0000000003f34000 	/System/Library/PrivateFrameworks/TCC.framework/Versions/A/TCC
0x0000000003f34000 	/usr/lib/libmecabra.dylib
0x0000000003f34000 	/System/Library/Frameworks/ApplicationServices.framework/Versions/A/Frameworks/ATS.framework/Versions/A/ATS
0x0000000003f34000 	/System/Library/Frameworks/ApplicationServices.framework/Versions/A/Frameworks/ColorSync.framework/Versions/A/ColorSync
0x0000000003f34000 	/System/Library/Frameworks/ApplicationServices.framework/Versions/A/Frameworks/HIServices.framework/Versions/A/HIServices
0x0000000003f34000 	/System/Library/Frameworks/ApplicationServices.framework/Versions/A/Frameworks/LangAnalysis.framework/Versions/A/LangAnalysis
0x0000000003f34000 	/System/Library/Frameworks/ApplicationServices.framework/Versions/A/Frameworks/PrintCore.framework/Versions/A/PrintCore
0x0000000003f34000 	/System/Library/Frameworks/ApplicationServices.framework/Versions/A/Frameworks/QD.framework/Versions/A/QD
0x0000000003f34000 	/System/Library/Frameworks/ApplicationServices.framework/Versions/A/Frameworks/SpeechSynthesis.framework/Versions/A/SpeechSynthesis
0x0000000003f34000 	/System/Library/Frameworks/Accelerate.framework/Versions/A/Accelerate
0x0000000003f34000 	/System/Library/Frameworks/Accelerate.framework/Versions/A/Frameworks/vImage.framework/Versions/A/vImage
0x0000000003f34000 	/System/Library/Frameworks/Accelerate.framework/Versions/A/Frameworks/vecLib.framework/Versions/A/vecLib
0x0000000003f34000 	/System/Library/Frameworks/Accelerate.framework/Versions/A/Frameworks/vecLib.framework/Versions/A/libvDSP.dylib
0x0000000003f34000 	/System/Library/Frameworks/Accelerate.framework/Versions/A/Frameworks/vecLib.framework/Versions/A/libvMisc.dylib
0x0000000003f34000 	/System/Library/Frameworks/Accelerate.framework/Versions/A/Frameworks/vecLib.framework/Versions/A/libLAPACK.dylib
0x0000000003f34000 	/System/Library/Frameworks/Accelerate.framework/Versions/A/Frameworks/vecLib.framework/Versions/A/libBLAS.dylib
0x0000000003f34000 	/System/Library/Frameworks/Accelerate.framework/Versions/A/Frameworks/vecLib.framework/Versions/A/libLinearAlgebra.dylib
0x0000000003f34000 	/System/Library/Frameworks/ApplicationServices.framework/Versions/A/Frameworks/ATS.framework/Versions/A/Resources/libFontParser.dylib
0x0000000003f34000 	/System/Library/Frameworks/ApplicationServices.framework/Versions/A/Frameworks/ATS.framework/Versions/A/Resources/libFontRegistry.dylib
0x0000000003f34000 	/System/Library/PrivateFrameworks/AppleVPA.framework/Versions/A/AppleVPA
0x0000000003f34000 	/System/Library/PrivateFrameworks/AppleJPEG.framework/Versions/A/AppleJPEG
0x0000000003f34000 	/System/Library/Frameworks/ImageIO.framework/Versions/A/Resources/libJPEG.dylib
0x0000000003f34000 	/System/Library/Frameworks/ImageIO.framework/Versions/A/Resources/libTIFF.dylib
0x0000000003f34000 	/System/Library/Frameworks/ImageIO.framework/Versions/A/Resources/libPng.dylib
0x0000000003f34000 	/System/Library/Frameworks/ImageIO.framework/Versions/A/Resources/libGIF.dylib
0x0000000003f34000 	/System/Library/Frameworks/ImageIO.framework/Versions/A/Resources/libJP2.dylib
0x0000000003f34000 	/System/Library/Frameworks/ImageIO.framework/Versions/A/Resources/libRadiance.dylib
0x0000000003f34000 	/System/Library/Frameworks/CoreVideo.framework/Versions/A/CoreVideo
0x0000000003f34000 	/System/Library/Frameworks/OpenGL.framework/Versions/A/Libraries/libGLU.dylib
0x0000000003f34000 	/System/Library/Frameworks/OpenGL.framework/Versions/A/Libraries/libGFXShared.dylib
0x0000000003f34000 	/System/Library/Frameworks/OpenGL.framework/Versions/A/Libraries/libGL.dylib
0x0000000003f34000 	/System/Library/Frameworks/OpenGL.framework/Versions/A/Libraries/libGLImage.dylib
0x0000000003f34000 	/System/Library/Frameworks/OpenGL.framework/Versions/A/Libraries/libCVMSPluginSupport.dylib
0x0000000003f34000 	/System/Library/Frameworks/OpenGL.framework/Versions/A/Libraries/libCoreVMClient.dylib
0x0000000003f34000 	/usr/lib/libcups.2.dylib
0x0000000003f34000 	/System/Library/Frameworks/Kerberos.framework/Versions/A/Kerberos
0x0000000003f34000 	/System/Library/Frameworks/GSS.framework/Versions/A/GSS
0x0000000003f34000 	/usr/lib/libresolv.9.dylib
0x0000000003f34000 	/usr/lib/libiconv.2.dylib
0x0000000003f34000 	/System/Library/PrivateFrameworks/Heimdal.framework/Versions/A/Heimdal
0x0000000003f34000 	/usr/lib/libheimdal-asn1.dylib
0x0000000003f34000 	/System/Library/Frameworks/OpenDirectory.framework/Versions/A/OpenDirectory
0x0000000003f34000 	/System/Library/PrivateFrameworks/CommonAuth.framework/Versions/A/CommonAuth
0x0000000003f34000 	/System/Library/Frameworks/OpenDirectory.framework/Versions/A/Frameworks/CFOpenDirectory.framework/Versions/A/CFOpenDirectory
0x0000000003f34000 	/System/Library/Frameworks/SecurityFoundation.framework/Versions/A/SecurityFoundation
0x0000000003f34000 	/System/Library/PrivateFrameworks/LanguageModeling.framework/Versions/A/LanguageModeling
0x0000000003f34000 	/usr/lib/libcmph.dylib
0x0000000003f34000 	/System/Library/Frameworks/ServiceManagement.framework/Versions/A/ServiceManagement
0x0000000003f34000 	/usr/lib/libxslt.1.dylib
0x0000000003f34000 	/System/Library/Frameworks/Carbon.framework/Versions/A/Frameworks/Ink.framework/Versions/A/Ink
0x0000000003f34000 	/System/Library/Frameworks/QuartzCore.framework/Versions/A/Frameworks/CoreImage.framework/Versions/A/CoreImage
0x0000000003f34000 	/System/Library/PrivateFrameworks/CrashReporterSupport.framework/Versions/A/CrashReporterSupport
0x0000000003f34000 	/System/Library/Frameworks/OpenCL.framework/Versions/A/OpenCL
0x0000000003f34000 	/System/Library/PrivateFrameworks/FaceCore.framework/Versions/A/FaceCore
0x0000000003f34000 	/System/Library/PrivateFrameworks/Ubiquity.framework/Versions/A/Ubiquity
0x0000000003f34000 	/System/Library/PrivateFrameworks/IconServices.framework/Versions/A/IconServices
0x0000000003f34000 	/System/Library/PrivateFrameworks/ChunkingLibrary.framework/Versions/A/ChunkingLibrary
0x0000000003f34000 	/System/Library/PrivateFrameworks/Apple80211.framework/Versions/A/Apple80211
0x0000000003f34000 	/System/Library/Frameworks/CoreWLAN.framework/Versions/A/CoreWLAN
0x0000000003f34000 	/System/Library/Frameworks/IOBluetooth.framework/Versions/A/IOBluetooth
0x0000000003f34000 	/System/Library/PrivateFrameworks/CoreWiFi.framework/Versions/A/CoreWiFi
0x0000000003f34000 	/System/Library/Frameworks/CoreBluetooth.framework/Versions/A/CoreBluetooth
0x0000000003f34000 	/System/Library/PrivateFrameworks/DebugSymbols.framework/Versions/A/DebugSymbols
0x0000000003f34000 	/System/Library/PrivateFrameworks/CoreSymbolication.framework/Versions/A/CoreSymbolication
0x0000000003f34000 	/System/Library/PrivateFrameworks/Symbolication.framework/Versions/A/Symbolication
0x0000000003f34000 	/System/Library/PrivateFrameworks/SpeechRecognitionCore.framework/Versions/A/SpeechRecognitionCore
0x0000000101fad000 	/Library/Java/JavaVirtualMachines/jdk1.8.0_25.jdk/Contents/Home/jre/lib/server/libjvm.dylib
0x0000000003f34000 	/usr/lib/libstdc++.6.dylib
0x0000000102fe3000 	/Library/Java/JavaVirtualMachines/jdk1.8.0_25.jdk/Contents/Home/jre/lib/libverify.dylib
0x0000000103800000 	/Library/Java/JavaVirtualMachines/jdk1.8.0_25.jdk/Contents/Home/jre/lib/libjava.dylib
0x0000000103834000 	/Library/Java/JavaVirtualMachines/jdk1.8.0_25.jdk/Contents/Home/jre/lib/libzip.dylib
0x0000000117348000 	/System/Library/Frameworks/JavaVM.framework/Frameworks/JavaRuntimeSupport.framework/JavaRuntimeSupport
0x0000000117360000 	/System/Library/Frameworks/JavaVM.framework/Versions/A/Frameworks/JavaNativeFoundation.framework/Versions/A/JavaNativeFoundation
0x0000000117375000 	/System/Library/Frameworks/JavaVM.framework/Versions/A/JavaVM
0x0000000003f34000 	/System/Library/Frameworks/Carbon.framework/Versions/A/Carbon
0x0000000117382000 	/System/Library/PrivateFrameworks/JavaLaunching.framework/Versions/A/JavaLaunching
0x0000000003f34000 	/System/Library/Frameworks/Carbon.framework/Versions/A/Frameworks/CommonPanels.framework/Versions/A/CommonPanels
0x0000000003f34000 	/System/Library/Frameworks/Carbon.framework/Versions/A/Frameworks/Help.framework/Versions/A/Help
0x0000000003f34000 	/System/Library/Frameworks/Carbon.framework/Versions/A/Frameworks/ImageCapture.framework/Versions/A/ImageCapture
0x0000000003f34000 	/System/Library/Frameworks/Carbon.framework/Versions/A/Frameworks/OpenScripting.framework/Versions/A/OpenScripting
0x0000000003f34000 	/System/Library/Frameworks/Carbon.framework/Versions/A/Frameworks/Print.framework/Versions/A/Print
0x0000000003f34000 	/System/Library/Frameworks/Carbon.framework/Versions/A/Frameworks/SecurityHI.framework/Versions/A/SecurityHI
0x00000001193e1000 	/Applications/IntelliJ IDEA 14 CE.app/Contents/bin/libbreakgen64.jnilib
0x00000001194e7000 	/Library/Java/JavaVirtualMachines/jdk1.8.0_25.jdk/Contents/Home/jre/lib/libnet.dylib
0x0000000119546000 	/Library/Java/JavaVirtualMachines/jdk1.8.0_25.jdk/Contents/Home/jre/lib/libawt.dylib
0x00000001195f5000 	/Library/Java/JavaVirtualMachines/jdk1.8.0_25.jdk/Contents/Home/jre/lib/./libmlib_image.dylib
0x00000001196c1000 	/Library/Java/JavaVirtualMachines/jdk1.8.0_25.jdk/Contents/Home/jre/lib/libawt_lwawt.dylib
0x0000000119774000 	/Library/Java/JavaVirtualMachines/jdk1.8.0_25.jdk/Contents/Home/jre/lib/./libosxapp.dylib
0x0000000003f34000 	/System/Library/Frameworks/ExceptionHandling.framework/Versions/A/ExceptionHandling
0x0000000003f34000 	/System/Library/PrivateFrameworks/CoreServicesInternal.framework/Versions/A/CoreServicesInternal
0x0000000003f34000 	/System/Library/PrivateFrameworks/CloudDocs.framework/Versions/A/CloudDocs
0x0000000003f34000 	/System/Library/PrivateFrameworks/CoreDuet.framework/Versions/A/CoreDuet
0x0000000003f34000 	/System/Library/Frameworks/CloudKit.framework/Versions/A/CloudKit
0x0000000003f34000 	/System/Library/PrivateFrameworks/ProtocolBuffer.framework/Versions/A/ProtocolBuffer
0x0000000003f34000 	/System/Library/PrivateFrameworks/CoreDuetDaemonProtocol.framework/Versions/A/CoreDuetDaemonProtocol
0x0000000003f34000 	/System/Library/PrivateFrameworks/CoreDuetDebugLogging.framework/Versions/A/CoreDuetDebugLogging
0x0000000003f34000 	/System/Library/PrivateFrameworks/MMCS.framework/Versions/A/MMCS
0x0000000003f34000 	/System/Library/Frameworks/CoreLocation.framework/Versions/A/CoreLocation
0x0000000003f34000 	/System/Library/PrivateFrameworks/ProtectedCloudStorage.framework/Versions/A/ProtectedCloudStorage
0x0000000003f34000 	/System/Library/PrivateFrameworks/GeoServices.framework/Versions/A/GeoServices
0x0000000003f34000 	/System/Library/Frameworks/CoreGraphics.framework/Versions/A/Resources/libCGCMS.A.dylib
0x0000000003f34000 	/System/Library/Frameworks/CoreGraphics.framework/Versions/A/Resources/libRIP.A.dylib
0x0000000003f34000 	/System/Library/Frameworks/CoreGraphics.framework/Versions/A/Resources/libCGXType.A.dylib
0x0000000003f34000 	/System/Library/Frameworks/OpenCL.framework/Versions/A/Libraries/libcldcpuengine.dylib
0x0000000003f34000 	/System/Library/PrivateFrameworks/DiskImages.framework/Versions/A/DiskImages
0x0000000003f34000 	/System/Library/Frameworks/DiscRecording.framework/Versions/A/DiscRecording
0x0000000003f34000 	/usr/lib/libcsfde.dylib
0x0000000003f34000 	/usr/lib/libcurl.4.dylib
0x0000000003f34000 	/System/Library/PrivateFrameworks/MediaKit.framework/Versions/A/MediaKit
0x0000000003f34000 	/usr/lib/libCoreStorage.dylib
0x0000000003f34000 	/System/Library/PrivateFrameworks/EFILogin.framework/Versions/A/EFILogin
0x0000000003f34000 	/usr/lib/libutil.dylib
0x0000000003f34000 	/System/Library/PrivateFrameworks/FindMyDevice.framework/Versions/A/FindMyDevice
0x0000000003f34000 	/System/Library/Frameworks/LDAP.framework/Versions/A/LDAP
0x0000000003f34000 	/usr/lib/libsasl2.2.dylib
0x0000000003f34000 	/System/Library/PrivateFrameworks/CoreDaemon.framework/Versions/B/CoreDaemon
0x0000000003f34000 	/usr/lib/libcrypto.0.9.8.dylib
0x0000000003f34000 	/System/Library/PrivateFrameworks/AppleSRP.framework/Versions/A/AppleSRP
0x0000000003f34000 	/System/Library/PrivateFrameworks/TrustEvaluationAgent.framework/Versions/A/TrustEvaluationAgent
0x000000011c834000 	cl_kernels
0x000000011c836000 	/System/Library/Frameworks/OpenCL.framework/Versions/A/Libraries/ImageFormats/unorm8_bgra.dylib
0x000000011c825000 	cl_kernels
0x0000000003f34000 	/System/Library/PrivateFrameworks/FamilyControls.framework/Versions/A/FamilyControls
0x0000000003f34000 	/System/Library/PrivateFrameworks/CommerceKit.framework/Versions/A/Frameworks/CommerceCore.framework/Versions/A/CommerceCore
0x0000000003f34000 	/System/Library/PrivateFrameworks/SystemAdministration.framework/Versions/A/SystemAdministration
0x0000000003f34000 	/System/Library/PrivateFrameworks/AppContainer.framework/Versions/A/AppContainer
0x0000000003f34000 	/System/Library/PrivateFrameworks/SecCodeWrapper.framework/Versions/A/SecCodeWrapper
0x0000000003f34000 	/System/Library/Frameworks/DirectoryService.framework/Versions/A/DirectoryService
0x0000000003f34000 	/System/Library/PrivateFrameworks/LoginUIKit.framework/Versions/A/Frameworks/LoginUICore.framework/Versions/A/LoginUICore
0x0000000003f34000 	/usr/lib/libodfde.dylib
0x0000000003f34000 	/System/Library/Frameworks/OpenGL.framework/Versions/A/Resources/GLEngine.bundle/GLEngine
0x0000000003f34000 	/System/Library/Frameworks/OpenGL.framework/Versions/A/Libraries/libGLProgrammability.dylib
0x0000000000000000 	/System/Library/Extensions/AppleIntelHD3000GraphicsGLDriver.bundle/Contents/MacOS/AppleIntelHD3000GraphicsGLDriver
0x000000011bd67000 	/System/Library/PrivateFrameworks/GPUSupport.framework/Versions/A/Libraries/libGPUSupport.dylib
0x0000000003f34000 	/System/Library/Frameworks/OpenGL.framework/Versions/A/Resources/GLRendererFloat.bundle/GLRendererFloat
0x000000011dfab000 	/Library/Java/JavaVirtualMachines/jdk1.8.0_25.jdk/Contents/Home/jre/lib/libfontmanager.dylib
0x000000011bd82000 	/Library/Java/JavaVirtualMachines/jdk1.8.0_25.jdk/Contents/Home/jre/lib/libosxui.dylib
0x000000011dccc000 	/Library/Java/JavaVirtualMachines/jdk1.8.0_25.jdk/Contents/Home/jre/lib/libnio.dylib
0x0000000123b8c000 	/Library/Java/JavaVirtualMachines/jdk1.8.0_25.jdk/Contents/Home/jre/lib/libdcpr.dylib
0x0000000003f34000 	/System/Library/Frameworks/Accelerate.framework/Versions/A/Frameworks/vImage.framework/Versions/A/Libraries/libCGInterfaces.dylib
0x0000000003f34000 	/System/Library/PrivateFrameworks/Shortcut.framework/Versions/A/Shortcut
0x0000000003f34000 	/System/Library/PrivateFrameworks/HelpData.framework/Versions/A/HelpData
0x0000000003f34000 	/usr/lib/libtidy.A.dylib
0x0000000119e85000 	cl_kernels
0x0000000119e89000 	cl_kernels

VM Arguments:
jvm_args: -Didea.launcher.port=7536 -Didea.launcher.bin.path=/Applications/IntelliJ IDEA 14 CE.app/Contents/bin -Dfile.encoding=UTF-8 
java_command: com.intellij.rt.execution.application.AppMain com.fisher.Main
java_class_path (initial): /Library/Java/JavaVirtualMachines/jdk1.8.0_25.jdk/Contents/Home/lib/ant-javafx.jar:/Library/Java/JavaVirtualMachines/jdk1.8.0_25.jdk/Contents/Home/lib/dt.jar:/Library/Java/JavaVirtualMachines/jdk1.8.0_25.jdk/Contents/Home/lib/javafx-mx.jar:/Library/Java/JavaVirtualMachines/jdk1.8.0_25.jdk/Contents/Home/lib/jconsole.jar:/Library/Java/JavaVirtualMachines/jdk1.8.0_25.jdk/Contents/Home/lib/sa-jdi.jar:/Library/Java/JavaVirtualMachines/jdk1.8.0_25.jdk/Contents/Home/lib/tools.jar:/Library/Java/JavaVirtualMachines/jdk1.8.0_25.jdk/Contents/Home/jre/lib/charsets.jar:/Library/Java/JavaVirtualMachines/jdk1.8.0_25.jdk/Contents/Home/jre/lib/deploy.jar:/Library/Java/JavaVirtualMachines/jdk1.8.0_25.jdk/Contents/Home/jre/lib/javaws.jar:/Library/Java/JavaVirtualMachines/jdk1.8.0_25.jdk/Contents/Home/jre/lib/jce.jar:/Library/Java/JavaVirtualMachines/jdk1.8.0_25.jdk/Contents/Home/jre/lib/jfr.jar:/Library/Java/JavaVirtualMachines/jdk1.8.0_25.jdk/Contents/Home/jre/lib/jfxswt.jar:/Library/Java/JavaVirtualMachines/jdk1.8.0_25.jdk/Contents/Home/jre/lib/jsse.jar:/Library/Java/JavaVirtualMachines/jdk1.8.0_25.jdk/Contents/Home/jre/lib/management-agent.jar:/Library/Java/JavaVirtualMachines/jdk1.8.0_25.jdk/Contents/Home/jre/lib/plugin.jar:/Library/Java/JavaVirtualMachines/jdk1.8.0_25.jdk/Contents/Home/jre/lib/resources.jar:/Library/Java/JavaVirtualMachines/jdk1.8.0_25.jdk/Contents/Home/jre/lib/rt.jar:/Library/Java/JavaVirtualMachines/jdk1.8.0_25.jdk/Contents/Home/jre/lib/ext/cldrdata.jar:/Library/Java/JavaVirtualMachines/jdk1.8.0_25.jdk/Contents/Home/jre/lib/ext/dnsns.jar:/Library/Java/JavaVirtualMachines/jdk1.8.0_25.jdk/Contents/Home/jre/lib/ext/jfxrt.jar:/Library/Java/JavaVirtualMachines/jdk1.8.0_25.jdk/Contents/Home/jre/lib/ext/localedata.jar:/Library/Java/JavaVirtualMachines/jdk1.8.0_25.jdk/Contents/Home/jre/lib/ext/nashorn.jar:/Library/Java/JavaVirtualMachines/jdk1.8.0_25.jdk/Contents/Home/jre/lib/ext/sunec.jar:/Library/Java/JavaVirtualMachines/jdk1.8.0_25.jdk/C
Launcher Type: SUN_STANDARD

Environment Variables:
PATH=/usr/bin:/bin:/usr/sbin:/sbin
SHELL=/bin/zsh

Signal Handlers:
SIGSEGV: [libjvm.dylib+0x579dc7], sa_mask[0]=11111111011111110111111111111111, sa_flags=SA_ONSTACK|SA_RESTART|SA_SIGINFO
SIGBUS: [libjvm.dylib+0x579dc7], sa_mask[0]=11111111011111110111111111111111, sa_flags=SA_RESTART|SA_SIGINFO
SIGFPE: [libjvm.dylib+0x45b030], sa_mask[0]=11111111011111110111111111111111, sa_flags=SA_RESTART|SA_SIGINFO
SIGPIPE: [libjvm.dylib+0x45b030], sa_mask[0]=11111111011111110111111111111111, sa_flags=SA_RESTART|SA_SIGINFO
SIGXFSZ: [libjvm.dylib+0x45b030], sa_mask[0]=11111111011111110111111111111111, sa_flags=SA_RESTART|SA_SIGINFO
SIGILL: [libjvm.dylib+0x45b030], sa_mask[0]=11111111011111110111111111111111, sa_flags=SA_RESTART|SA_SIGINFO
SIGUSR1: SIG_DFL, sa_mask[0]=00000000000000000000000000000000, sa_flags=none
SIGUSR2: [libjvm.dylib+0x45ab4e], sa_mask[0]=00100000000000000000000000000000, sa_flags=SA_RESTART|SA_SIGINFO
SIGHUP: [libjvm.dylib+0x459121], sa_mask[0]=11111111011111110111111111111111, sa_flags=SA_RESTART|SA_SIGINFO
SIGINT: [libjvm.dylib+0x459121], sa_mask[0]=11111111011111110111111111111111, sa_flags=SA_RESTART|SA_SIGINFO
SIGTERM: [libjvm.dylib+0x459121], sa_mask[0]=11111111011111110111111111111111, sa_flags=SA_RESTART|SA_SIGINFO
SIGQUIT: [libjvm.dylib+0x459121], sa_mask[0]=11111111011111110111111111111111, sa_flags=SA_RESTART|SA_SIGINFO


---------------  S Y S T E M  ---------------

OS:Bsduname:Darwin 14.3.0 Darwin Kernel Version 14.3.0: Mon Mar 23 11:59:05 PDT 2015; root:xnu-2782.20.48~5/RELEASE_X86_64 x86_64
rlimit: STACK 8192k, CORE 0k, NPROC 709, NOFILE 10240, AS infinity
load average:3.53 3.27 3.08

CPU:total 4 (2 cores per cpu, 2 threads per core) family 6 model 42 stepping 7, cmov, cx8, fxsr, mmx, sse, sse2, sse3, ssse3, sse4.1, sse4.2, popcnt, avx, aes, clmul, ht, tsc, tscinvbit

Memory: 4k page, physical 4194304k(15204k free)

/proc/meminfo:


vm_info: Java HotSpot(TM) 64-Bit Server VM (25.25-b02) for bsd-amd64 JRE (1.8.0_25-b17), built on Sep 17 2014 16:56:50 by "java_re" with gcc 4.2.1 (Based on Apple Inc. build 5658) (LLVM build 2336.11.00)

time: Sun May 24 11:18:58 2015
elapsed time: 131931 seconds (1d 12h 38m 51s)

